<?xml version="1.0" encoding="UTF-8"?>
<!-- Generated by org.testng.reporters.JUnitReportReporter -->
<testsuite skipped="0" hostname="DESKTOP-S7NHIMS" name="com.qa.tests.DemoTest" tests="4" failures="0" timestamp="01 Sep 2018 17:54:53 GMT" time="0.014" errors="0">
  <testcase name="div" time="0.014" classname="com.qa.tests.DemoTest"/>
  <testcase name="sub" time="0.000" classname="com.qa.tests.DemoTest"/>
  <testcase name="sum" time="0.000" classname="com.qa.tests.DemoTest"/>
  <testcase name="mul" time="0.000" classname="com.qa.tests.DemoTest"/>
</testsuite> <!-- com.qa.tests.DemoTest -->
